<?xml version="1.0" encoding="UTF-8"?>
<!-- Generated by org.testng.reporters.JUnitReportReporter -->
<testsuite hostname="DESKTOP-25LN50V" failures="0" tests="1" name="requestBody.Post_Login" time="1.912" errors="0" timestamp="2024-08-16T09:03:10 IST" skipped="0">
  <testcase classname="requestBody.Post_Login" name="UserLoginPost" time="1.912"/>
</testsuite> <!-- requestBody.Post_Login -->
