<?xml version="1.0" encoding="UTF-8"?>
<!-- Generated by org.testng.reporters.JUnitReportReporter -->
<testsuite hostname="DESKTOP-25LN50V" failures="0" tests="1" name="testRunner.TestRunner" time="6.187" errors="0" timestamp="2024-08-16T14:02:34 IST" skipped="0">
  <testcase classname="testRunner.TestRunner" name="runScenario" time="6.187"/>
</testsuite> <!-- testRunner.TestRunner -->
