<?xml version="1.0" encoding="UTF-8"?>
<!-- Generated by org.testng.reporters.JUnitReportReporter -->
<testsuite hostname="DESKTOP-I6EP1Q3" failures="0" tests="3" name="testRunner.TestRunner" time="70.820" errors="0" timestamp="2024-08-19T18:26:24 IST" skipped="0">
  <testcase classname="testRunner.TestRunner" name="runScenario" time="14.435"/>
  <testcase classname="testRunner.TestRunner" name="runScenario" time="27.467"/>
  <testcase classname="testRunner.TestRunner" name="runScenario" time="28.918"/>
</testsuite> <!-- testRunner.TestRunner -->
