<?xml version="1.0" encoding="UTF-8"?>
<!-- Generated by org.testng.reporters.JUnitReportReporter -->
<testsuite hostname="DESKTOP-25LN50V" failures="0" tests="1" name="testRunner.TestRunner" time="9.836" errors="0" timestamp="2024-08-21T17:36:21 IST" skipped="0">
  <testcase classname="testRunner.TestRunner" name="runScenario" time="9.836"/>
</testsuite> <!-- testRunner.TestRunner -->
